<?xml version="1.0" encoding="UTF-8"?>
<!-- Generated by org.testng.reporters.JUnitReportReporter -->
<testsuite hostname="Welcome-PC" name="WebservicesTestCases.TC5_GET_Request_ValidateAllHeaders" tests="1" failures="0" timestamp="14 Aug 2019 21:11:37 GMT" time="5.322" errors="0">
  <testcase name="ValidateAllHeaders" time="5.322" classname="WebservicesTestCases.TC5_GET_Request_ValidateAllHeaders"/>
</testsuite> <!-- WebservicesTestCases.TC5_GET_Request_ValidateAllHeaders -->
