<?xml version="1.0" encoding="UTF-8"?>
<!-- Generated by org.testng.reporters.JUnitReportReporter -->
<testsuite hostname="Welcome-PC" name="WebservicesTestCases.TC4_GET_Request_ValidateParticularHeader" tests="1" failures="0" timestamp="14 Aug 2019 20:42:45 GMT" time="15.241" errors="0">
  <testcase name="PrintAllHeaders" time="15.241" classname="WebservicesTestCases.TC4_GET_Request_ValidateParticularHeader"/>
</testsuite> <!-- WebservicesTestCases.TC4_GET_Request_ValidateParticularHeader -->
