<?xml version="1.0" encoding="UTF-8"?>
<!-- Generated by org.testng.reporters.JUnitReportReporter -->
<testsuite hostname="Welcome-PC" name="WebservicesTestCases.TC3_GET_Request_UsersList" tests="1" failures="0" timestamp="14 Aug 2019 20:49:37 GMT" time="3.943" errors="0">
  <testcase name="GetUserList" time="3.943" classname="WebservicesTestCases.TC3_GET_Request_UsersList"/>
</testsuite> <!-- WebservicesTestCases.TC3_GET_Request_UsersList -->
