<?xml version="1.0" encoding="UTF-8"?>
<!-- Generated by org.testng.reporters.JUnitReportReporter -->
<testsuite hostname="Welcome-PC" name="WebservicesTestCases.TC1_GET_Request_Weather" tests="1" failures="0" timestamp="14 Aug 2019 20:43:12 GMT" time="3.168" errors="0">
  <testcase name="GetWeatherDetails" time="3.168" classname="WebservicesTestCases.TC1_GET_Request_Weather"/>
</testsuite> <!-- WebservicesTestCases.TC1_GET_Request_Weather -->
