<?xml version="1.0" encoding="UTF-8"?>
<!-- Generated by org.testng.reporters.JUnitReportReporter -->
<testsuite hostname="Welcome-PC" name="DataDrivenWithDummyRestAPIs.CreateNewRecordinServer" tests="3" failures="0" timestamp="14 Aug 2019 20:38:29 GMT" time="15.485" errors="0">
  <testcase name="CreateNewRecord" time="13.860" classname="DataDrivenWithDummyRestAPIs.CreateNewRecordinServer"/>
  <testcase name="CreateNewRecord" time="0.806" classname="DataDrivenWithDummyRestAPIs.CreateNewRecordinServer"/>
  <testcase name="CreateNewRecord" time="0.819" classname="DataDrivenWithDummyRestAPIs.CreateNewRecordinServer"/>
</testsuite> <!-- DataDrivenWithDummyRestAPIs.CreateNewRecordinServer -->
