<?xml version="1.0" encoding="UTF-8"?>
<!-- Generated by org.testng.reporters.JUnitReportReporter -->
<testsuite hostname="Welcome-PC" name="WebservicesTestCases.TC7_GET_BasicAuthentication" tests="1" failures="0" timestamp="14 Aug 2019 20:25:51 GMT" time="3.558" errors="0">
  <testcase name="EnterBasicAuthentication" time="3.558" classname="WebservicesTestCases.TC7_GET_BasicAuthentication"/>
</testsuite> <!-- WebservicesTestCases.TC7_GET_BasicAuthentication -->
