<?xml version="1.0" encoding="UTF-8"?>
<!-- Generated by org.testng.reporters.JUnitReportReporter -->
<testsuite hostname="Welcome-PC" name="WebservicesTestCases.TC2_POST_Request" tests="1" failures="0" timestamp="14 Aug 2019 20:17:51 GMT" time="4.570" errors="0">
  <testcase name="CreateEmpDetails" time="4.570" classname="WebservicesTestCases.TC2_POST_Request"/>
</testsuite> <!-- WebservicesTestCases.TC2_POST_Request -->
